investment = 29329700

x [1_headwaters,*,*] (tr)
# $2 = 2_low_intensity
# $3 = 3_med_intensity
# $4 = 4_high_intensity
:                    1_open_space     $2        $3        $4    6_shrub_scrub :=
1_bioswale                    0     1304210         0      .           0
2_rain_garden           2008840     1418610   4371370    433925     8899.39
3_tree_trench              .        4503330   6839740   2316920         .
4_rain_barrel              .              0   3606550   2517270         .
5_impervious_removal       .              0         0         0         .
6_permeable_pavement       .           .            0         0         .
7_green_roof               .           .            0         0         .
;

investment = 29329700

x [1_headwaters,*,*] (tr)
# $2 = 2_low_intensity
# $3 = 3_med_intensity
# $4 = 4_high_intensity
:                    1_open_space     $2        $3        $4    6_shrub_scrub :=
1_bioswale                    0     1304210         0      .           0
2_rain_garden           2008840     1418610   4371370    433925     8899.39
3_tree_trench              .        4503330   6839740   2316920         .
4_rain_barrel              .              0   3606550   2517270         .
5_impervious_removal       .              0         0         0         .
6_permeable_pavement       .           .            0         0         .
7_green_roof               .           .            0         0         .
;

investment = 29329700

x [1_headwaters,*,*] (tr)
# $2 = 2_low_intensity
# $3 = 3_med_intensity
# $4 = 4_high_intensity
:                    1_open_space     $2        $3        $4    6_shrub_scrub :=
1_bioswale                    0     1304210         0      .           0
2_rain_garden           2008840     1418610   4371370    433925     8899.39
3_tree_trench              .        4503330   6839740   2316920         .
4_rain_barrel              .              0   3606550   2517270         .
5_impervious_removal       .              0         0         0         .
6_permeable_pavement       .           .            0         0         .
7_green_roof               .           .            0         0         .
;

investment = 29329700

x [1_headwaters,*,*] (tr)
# $2 = 2_low_intensity
# $3 = 3_med_intensity
# $4 = 4_high_intensity
:                    1_open_space     $2        $3        $4    6_shrub_scrub :=
1_bioswale                    0     1304210         0      .           0
2_rain_garden           2008840     1418610   4371370    433925     8899.39
3_tree_trench              .        4503330   6839740   2316920         .
4_rain_barrel              .              0   3606550   2517270         .
5_impervious_removal       .              0         0         0         .
6_permeable_pavement       .           .            0         0         .
7_green_roof               .           .            0         0         .
;

investment = 29329700

x [1_headwaters,*,*] (tr)
# $2 = 2_low_intensity
# $3 = 3_med_intensity
# $4 = 4_high_intensity
:                    1_open_space     $2        $3        $4    6_shrub_scrub :=
1_bioswale                    0     1304210         0      .           0
2_rain_garden           2008840     1418610   4371370    433925     8899.39
3_tree_trench              .        4503330   6839740   2316920         .
4_rain_barrel              .              0   3606550   2517270         .
5_impervious_removal       .              0         0         0         .
6_permeable_pavement       .           .            0         0         .
7_green_roof               .           .            0         0         .
;

investment = 29329700

x [1_headwaters,*,*] (tr)
# $2 = 2_low_intensity
# $3 = 3_med_intensity
# $4 = 4_high_intensity
:                    1_open_space     $2        $3        $4    6_shrub_scrub :=
1_bioswale                    0     1304210         0      .           0
2_rain_garden           2008840     1418610   4371370    433925     8899.39
3_tree_trench              .        4503330   6839740   2316920         .
4_rain_barrel              .              0   3606550   2517270         .
5_impervious_removal       .              0         0         0         .
6_permeable_pavement       .           .            0         0         .
7_green_roof               .           .            0         0         .
;

investment = 29329700

x [1_headwaters,*,*] (tr)
# $2 = 2_low_intensity
# $3 = 3_med_intensity
# $4 = 4_high_intensity
:                    1_open_space     $2        $3        $4    6_shrub_scrub :=
1_bioswale                    0     1304210         0      .           0
2_rain_garden           2008840     1418610   4371370    433925     8899.39
3_tree_trench              .        4503330   6839740   2316920         .
4_rain_barrel              .              0   3606550   2517270         .
5_impervious_removal       .              0         0         0         .
6_permeable_pavement       .           .            0         0         .
7_green_roof               .           .            0         0         .
;

investment = 29329700

x [1_headwaters,*,*] (tr)
# $2 = 2_low_intensity
# $3 = 3_med_intensity
# $4 = 4_high_intensity
:                    1_open_space     $2        $3        $4    6_shrub_scrub :=
1_bioswale                    0     1304210         0      .           0
2_rain_garden           2008840     1418610   4371370    433925     8899.39
3_tree_trench              .        4503330   6839740   2316920         .
4_rain_barrel              .              0   3606550   2517270         .
5_impervious_removal       .              0         0         0         .
6_permeable_pavement       .           .            0         0         .
7_green_roof               .           .            0         0         .
;

investment = 29329700

x [1_headwaters,*,*] (tr)
# $2 = 2_low_intensity
# $3 = 3_med_intensity
# $4 = 4_high_intensity
:                    1_open_space     $2        $3        $4    6_shrub_scrub :=
1_bioswale                    0     1304210         0      .           0
2_rain_garden           2008840     1418610   4371370    433925     8899.39
3_tree_trench              .        4503330   6839740   2316920         .
4_rain_barrel              .              0   3606550   2517270         .
5_impervious_removal       .              0         0         0         .
6_permeable_pavement       .           .            0         0         .
7_green_roof               .           .            0         0         .
;

investment = 29329700

x [1_headwaters,*,*] (tr)
# $2 = 2_low_intensity
# $3 = 3_med_intensity
# $4 = 4_high_intensity
:                    1_open_space     $2        $3        $4    6_shrub_scrub :=
1_bioswale                    0     1304210         0      .           0
2_rain_garden           2008840     1418610   4371370    433925     8899.39
3_tree_trench              .        4503330   6839740   2316920         .
4_rain_barrel              .              0   3606550   2517270         .
5_impervious_removal       .              0         0         0         .
6_permeable_pavement       .           .            0         0         .
7_green_roof               .           .            0         0         .
;

investment = 29329700

x [1_headwaters,*,*] (tr)
# $2 = 2_low_intensity
# $3 = 3_med_intensity
# $4 = 4_high_intensity
:                    1_open_space     $2        $3        $4    6_shrub_scrub :=
1_bioswale                    0     1304210         0      .           0
2_rain_garden           2008840     1418610   4371370    433925     8899.39
3_tree_trench              .        4503330   6839740   2316920         .
4_rain_barrel              .              0   3606550   2517270         .
5_impervious_removal       .              0         0         0         .
6_permeable_pavement       .           .            0         0         .
7_green_roof               .           .            0         0         .
;

investment = 29329700

x [1_headwaters,*,*] (tr)
# $2 = 2_low_intensity
# $3 = 3_med_intensity
# $4 = 4_high_intensity
:                    1_open_space     $2        $3        $4    6_shrub_scrub :=
1_bioswale                    0     1304210         0      .           0
2_rain_garden           2008840     1418610   4371370    433925     8899.39
3_tree_trench              .        4503330   6839740   2316920         .
4_rain_barrel              .              0   3606550   2517270         .
5_impervious_removal       .              0         0         0         .
6_permeable_pavement       .           .            0         0         .
7_green_roof               .           .            0         0         .
;

investment = 29329700

x [1_headwaters,*,*] (tr)
# $2 = 2_low_intensity
# $3 = 3_med_intensity
# $4 = 4_high_intensity
:                    1_open_space     $2        $3        $4    6_shrub_scrub :=
1_bioswale                    0     1304210         0      .           0
2_rain_garden           2008840     1418610   4371370    433925     8899.39
3_tree_trench              .        4503330   6839740   2316920         .
4_rain_barrel              .              0   3606550   2517270         .
5_impervious_removal       .              0         0         0         .
6_permeable_pavement       .           .            0         0         .
7_green_roof               .           .            0         0         .
;

investment = 29329700

x [1_headwaters,*,*] (tr)
# $2 = 2_low_intensity
# $3 = 3_med_intensity
# $4 = 4_high_intensity
:                    1_open_space     $2        $3        $4    6_shrub_scrub :=
1_bioswale                    0     1304210         0      .           0
2_rain_garden           2008840     1418610   4371370    433925     8899.39
3_tree_trench              .        4503330   6839740   2316920         .
4_rain_barrel              .              0   3606550   2517270         .
5_impervious_removal       .              0         0         0         .
6_permeable_pavement       .           .            0         0         .
7_green_roof               .           .            0         0         .
;

investment = 29329700

x [1_headwaters,*,*] (tr)
# $2 = 2_low_intensity
# $3 = 3_med_intensity
# $4 = 4_high_intensity
:                    1_open_space     $2        $3        $4    6_shrub_scrub :=
1_bioswale                    0     1304210         0      .           0
2_rain_garden           2008840     1418610   4371370    433925     8899.39
3_tree_trench              .        4503330   6839740   2316920         .
4_rain_barrel              .              0   3606550   2517270         .
5_impervious_removal       .              0         0         0         .
6_permeable_pavement       .           .            0         0         .
7_green_roof               .           .            0         0         .
;

investment = 29329700

x [1_headwaters,*,*] (tr)
# $2 = 2_low_intensity
# $3 = 3_med_intensity
# $4 = 4_high_intensity
:                    1_open_space     $2        $3        $4    6_shrub_scrub :=
1_bioswale                    0     1304210         0      .           0
2_rain_garden           2008840     1418610   4371370    433925     8899.39
3_tree_trench              .        4503330   6839740   2316920         .
4_rain_barrel              .              0   3606550   2517270         .
5_impervious_removal       .              0         0         0         .
6_permeable_pavement       .           .            0         0         .
7_green_roof               .           .            0         0         .
;

investment = 29329700

x [1_headwaters,*,*] (tr)
# $2 = 2_low_intensity
# $3 = 3_med_intensity
# $4 = 4_high_intensity
:                    1_open_space     $2        $3        $4    6_shrub_scrub :=
1_bioswale                    0     1304210         0      .           0
2_rain_garden           2008840     1418610   4371370    433925     8899.39
3_tree_trench              .        4503330   6839740   2316920         .
4_rain_barrel              .              0   3606550   2517270         .
5_impervious_removal       .              0         0         0         .
6_permeable_pavement       .           .            0         0         .
7_green_roof               .           .            0         0         .
;

investment = 29329700

x [1_headwaters,*,*] (tr)
# $2 = 2_low_intensity
# $3 = 3_med_intensity
# $4 = 4_high_intensity
:                    1_open_space     $2        $3        $4    6_shrub_scrub :=
1_bioswale                    0     1304210         0      .           0
2_rain_garden           2008840     1418610   4371370    433925     8899.39
3_tree_trench              .        4503330   6839740   2316920         .
4_rain_barrel              .              0   3606550   2517270         .
5_impervious_removal       .              0         0         0         .
6_permeable_pavement       .           .            0         0         .
7_green_roof               .           .            0         0         .
;

investment = 29329700

x [1_headwaters,*,*] (tr)
# $2 = 2_low_intensity
# $3 = 3_med_intensity
# $4 = 4_high_intensity
:                    1_open_space     $2        $3        $4    6_shrub_scrub :=
1_bioswale                    0     1304210         0      .           0
2_rain_garden           2008840     1418610   4371370    433925     8899.39
3_tree_trench              .        4503330   6839740   2316920         .
4_rain_barrel              .              0   3606550   2517270         .
5_impervious_removal       .              0         0         0         .
6_permeable_pavement       .           .            0         0         .
7_green_roof               .           .            0         0         .
;

investment = 29329700

x [1_headwaters,*,*] (tr)
# $2 = 2_low_intensity
# $3 = 3_med_intensity
# $4 = 4_high_intensity
:                    1_open_space     $2        $3        $4    6_shrub_scrub :=
1_bioswale                    0     1304210         0      .           0
2_rain_garden           2008840     1418610   4371370    433925     8899.39
3_tree_trench              .        4503330   6839740   2316920         .
4_rain_barrel              .              0   3606550   2517270         .
5_impervious_removal       .              0         0         0         .
6_permeable_pavement       .           .            0         0         .
7_green_roof               .           .            0         0         .
;

investment = 29329700

x [1_headwaters,*,*] (tr)
# $2 = 2_low_intensity
# $3 = 3_med_intensity
# $4 = 4_high_intensity
:                    1_open_space     $2        $3        $4    6_shrub_scrub :=
1_bioswale                    0     1304210         0      .           0
2_rain_garden           2008840     1418610   4371370    433925     8899.39
3_tree_trench              .        4503330   6839740   2316920         .
4_rain_barrel              .              0   3606550   2517270         .
5_impervious_removal       .              0         0         0         .
6_permeable_pavement       .           .            0         0         .
7_green_roof               .           .            0         0         .
;

investment = 29329700

x [1_headwaters,*,*] (tr)
# $2 = 2_low_intensity
# $3 = 3_med_intensity
# $4 = 4_high_intensity
:                    1_open_space     $2        $3        $4    6_shrub_scrub :=
1_bioswale                    0     1304210         0      .           0
2_rain_garden           2008840     1418610   4371370    433925     8899.39
3_tree_trench              .        4503330   6839740   2316920         .
4_rain_barrel              .              0   3606550   2517270         .
5_impervious_removal       .              0         0         0         .
6_permeable_pavement       .           .            0         0         .
7_green_roof               .           .            0         0         .
;

investment = 29329700

x [1_headwaters,*,*] (tr)
# $2 = 2_low_intensity
# $3 = 3_med_intensity
# $4 = 4_high_intensity
:                    1_open_space     $2        $3        $4    6_shrub_scrub :=
1_bioswale                    0     1304210         0      .           0
2_rain_garden           2008840     1418610   4371370    433925     8899.39
3_tree_trench              .        4503330   6839740   2316920         .
4_rain_barrel              .              0   3606550   2517270         .
5_impervious_removal       .              0         0         0         .
6_permeable_pavement       .           .            0         0         .
7_green_roof               .           .            0         0         .
;

investment = 29329700

x [1_headwaters,*,*] (tr)
# $2 = 2_low_intensity
# $3 = 3_med_intensity
# $4 = 4_high_intensity
:                    1_open_space     $2        $3        $4    6_shrub_scrub :=
1_bioswale                    0     1304210         0      .           0
2_rain_garden           2008840     1418610   4371370    433925     8899.39
3_tree_trench              .        4503330   6839740   2316920         .
4_rain_barrel              .              0   3606550   2517270         .
5_impervious_removal       .              0         0         0         .
6_permeable_pavement       .           .            0         0         .
7_green_roof               .           .            0         0         .
;

investment = 29329700

x [1_headwaters,*,*] (tr)
# $2 = 2_low_intensity
# $3 = 3_med_intensity
# $4 = 4_high_intensity
:                    1_open_space     $2        $3        $4    6_shrub_scrub :=
1_bioswale                    0     1304210         0      .           0
2_rain_garden           2008840     1418610   4371370    433925     8899.39
3_tree_trench              .        4503330   6839740   2316920         .
4_rain_barrel              .              0   3606550   2517270         .
5_impervious_removal       .              0         0         0         .
6_permeable_pavement       .           .            0         0         .
7_green_roof               .           .            0         0         .
;

investment = 29329700

x [1_headwaters,*,*] (tr)
# $2 = 2_low_intensity
# $3 = 3_med_intensity
# $4 = 4_high_intensity
:                    1_open_space     $2        $3        $4    6_shrub_scrub :=
1_bioswale                    0     1304210         0      .           0
2_rain_garden           2008840     1418610   4371370    433925     8899.39
3_tree_trench              .        4503330   6839740   2316920         .
4_rain_barrel              .              0   3606550   2517270         .
5_impervious_removal       .              0         0         0         .
6_permeable_pavement       .           .            0         0         .
7_green_roof               .           .            0         0         .
;

investment = 29329700

x [1_headwaters,*,*] (tr)
# $2 = 2_low_intensity
# $3 = 3_med_intensity
# $4 = 4_high_intensity
:                    1_open_space     $2        $3        $4    6_shrub_scrub :=
1_bioswale                    0     1304210         0      .           0
2_rain_garden           2008840     1418610   4371370    433925     8899.39
3_tree_trench              .        4503330   6839740   2316920         .
4_rain_barrel              .              0   3606550   2517270         .
5_impervious_removal       .              0         0         0         .
6_permeable_pavement       .           .            0         0         .
7_green_roof               .           .            0         0         .
;

investment = 29329700

x [1_headwaters,*,*] (tr)
# $2 = 2_low_intensity
# $3 = 3_med_intensity
# $4 = 4_high_intensity
:                    1_open_space     $2        $3        $4    6_shrub_scrub :=
1_bioswale                    0     1304210         0      .           0
2_rain_garden           2008840     1418610   4371370    433925     8899.39
3_tree_trench              .        4503330   6839740   2316920         .
4_rain_barrel              .              0   3606550   2517270         .
5_impervious_removal       .              0         0         0         .
6_permeable_pavement       .           .            0         0         .
7_green_roof               .           .            0         0         .
;

investment = 29329700

x [1_headwaters,*,*] (tr)
# $2 = 2_low_intensity
# $3 = 3_med_intensity
# $4 = 4_high_intensity
:                    1_open_space     $2        $3        $4    6_shrub_scrub :=
1_bioswale                    0     1304210         0      .           0
2_rain_garden           2008840     1418610   4371370    433925     8899.39
3_tree_trench              .        4503330   6839740   2316920         .
4_rain_barrel              .              0   3606550   2517270         .
5_impervious_removal       .              0         0         0         .
6_permeable_pavement       .           .            0         0         .
7_green_roof               .           .            0         0         .
;

investment = 29329700

x [1_headwaters,*,*] (tr)
# $2 = 2_low_intensity
# $3 = 3_med_intensity
# $4 = 4_high_intensity
:                    1_open_space     $2        $3        $4    6_shrub_scrub :=
1_bioswale                    0     1304210         0      .           0
2_rain_garden           2008840     1418610   4371370    433925     8899.39
3_tree_trench              .        4503330   6839740   2316920         .
4_rain_barrel              .              0   3606550   2517270         .
5_impervious_removal       .              0         0         0         .
6_permeable_pavement       .           .            0         0         .
7_green_roof               .           .            0         0         .
;

investment = 29329700

x [1_headwaters,*,*] (tr)
# $2 = 2_low_intensity
# $3 = 3_med_intensity
# $4 = 4_high_intensity
:                    1_open_space     $2        $3        $4    6_shrub_scrub :=
1_bioswale                    0     1304210         0      .           0
2_rain_garden           2008840     1418610   4371370    433925     8899.39
3_tree_trench              .        4503330   6839740   2316920         .
4_rain_barrel              .              0   3606550   2517270         .
5_impervious_removal       .              0         0         0         .
6_permeable_pavement       .           .            0         0         .
7_green_roof               .           .            0         0         .
;

investment = 29329700

x [1_headwaters,*,*] (tr)
# $2 = 2_low_intensity
# $3 = 3_med_intensity
# $4 = 4_high_intensity
:                    1_open_space     $2        $3        $4    6_shrub_scrub :=
1_bioswale                    0     1304210         0      .           0
2_rain_garden           2008840     1418610   4371370    433925     8899.39
3_tree_trench              .        4503330   6839740   2316920         .
4_rain_barrel              .              0   3606550   2517270         .
5_impervious_removal       .              0         0         0         .
6_permeable_pavement       .           .            0         0         .
7_green_roof               .           .            0         0         .
;

investment = 29329700

x [1_headwaters,*,*] (tr)
# $2 = 2_low_intensity
# $3 = 3_med_intensity
# $4 = 4_high_intensity
:                    1_open_space     $2        $3        $4    6_shrub_scrub :=
1_bioswale                    0     1304210         0      .           0
2_rain_garden           2008840     1418610   4371370    433925     8899.39
3_tree_trench              .        4503330   6839740   2316920         .
4_rain_barrel              .              0   3606550   2517270         .
5_impervious_removal       .              0         0         0         .
6_permeable_pavement       .           .            0         0         .
7_green_roof               .           .            0         0         .
;

investment = 29329700

x [1_headwaters,*,*] (tr)
# $2 = 2_low_intensity
# $3 = 3_med_intensity
# $4 = 4_high_intensity
:                    1_open_space     $2        $3        $4    6_shrub_scrub :=
1_bioswale                    0     1304210         0      .           0
2_rain_garden           2008840     1418610   4371370    433925     8899.39
3_tree_trench              .        4503330   6839740   2316920         .
4_rain_barrel              .              0   3606550   2517270         .
5_impervious_removal       .              0         0         0         .
6_permeable_pavement       .           .            0         0         .
7_green_roof               .           .            0         0         .
;

investment = 29329700

x [1_headwaters,*,*] (tr)
# $2 = 2_low_intensity
# $3 = 3_med_intensity
# $4 = 4_high_intensity
:                    1_open_space     $2        $3        $4    6_shrub_scrub :=
1_bioswale                    0     1304210         0      .           0
2_rain_garden           2008840     1418610   4371370    433925     8899.39
3_tree_trench              .        4503330   6839740   2316920         .
4_rain_barrel              .              0   3606550   2517270         .
5_impervious_removal       .              0         0         0         .
6_permeable_pavement       .           .            0         0         .
7_green_roof               .           .            0         0         .
;

investment = 29329700

x [1_headwaters,*,*] (tr)
# $2 = 2_low_intensity
# $3 = 3_med_intensity
# $4 = 4_high_intensity
:                    1_open_space     $2        $3        $4    6_shrub_scrub :=
1_bioswale                    0     1304210         0      .           0
2_rain_garden           2008840     1418610   4371370    433925     8899.39
3_tree_trench              .        4503330   6839740   2316920         .
4_rain_barrel              .              0   3606550   2517270         .
5_impervious_removal       .              0         0         0         .
6_permeable_pavement       .           .            0         0         .
7_green_roof               .           .            0         0         .
;

investment = 29329700

x [1_headwaters,*,*] (tr)
# $2 = 2_low_intensity
# $3 = 3_med_intensity
# $4 = 4_high_intensity
:                    1_open_space     $2        $3        $4    6_shrub_scrub :=
1_bioswale                    0     1304210         0      .           0
2_rain_garden           2008840     1418610   4371370    433925     8899.39
3_tree_trench              .        4503330   6839740   2316920         .
4_rain_barrel              .              0   3606550   2517270         .
5_impervious_removal       .              0         0         0         .
6_permeable_pavement       .           .            0         0         .
7_green_roof               .           .            0         0         .
;

investment = 29329700

x [1_headwaters,*,*] (tr)
# $2 = 2_low_intensity
# $3 = 3_med_intensity
# $4 = 4_high_intensity
:                    1_open_space     $2        $3        $4    6_shrub_scrub :=
1_bioswale                    0     1304210         0      .           0
2_rain_garden           2008840     1418610   4371370    433925     8899.39
3_tree_trench              .        4503330   6839740   2316920         .
4_rain_barrel              .              0   3606550   2517270         .
5_impervious_removal       .              0         0         0         .
6_permeable_pavement       .           .            0         0         .
7_green_roof               .           .            0         0         .
;

investment = 29329700

x [1_headwaters,*,*] (tr)
# $2 = 2_low_intensity
# $3 = 3_med_intensity
# $4 = 4_high_intensity
:                    1_open_space     $2        $3        $4    6_shrub_scrub :=
1_bioswale                    0     1304210         0      .           0
2_rain_garden           2008840     1418610   4371370    433925     8899.39
3_tree_trench              .        4503330   6839740   2316920         .
4_rain_barrel              .              0   3606550   2517270         .
5_impervious_removal       .              0         0         0         .
6_permeable_pavement       .           .            0         0         .
7_green_roof               .           .            0         0         .
;

investment = 29329700

x [1_headwaters,*,*] (tr)
# $2 = 2_low_intensity
# $3 = 3_med_intensity
# $4 = 4_high_intensity
:                    1_open_space     $2        $3        $4    6_shrub_scrub :=
1_bioswale                    0     1304210         0      .           0
2_rain_garden           2008840     1418610   4371370    433925     8899.39
3_tree_trench              .        4503330   6839740   2316920         .
4_rain_barrel              .              0   3606550   2517270         .
5_impervious_removal       .              0         0         0         .
6_permeable_pavement       .           .            0         0         .
7_green_roof               .           .            0         0         .
;

investment = 29329700

x [1_headwaters,*,*] (tr)
# $2 = 2_low_intensity
# $3 = 3_med_intensity
# $4 = 4_high_intensity
:                    1_open_space     $2        $3        $4    6_shrub_scrub :=
1_bioswale                    0     1304210         0      .           0
2_rain_garden           2008840     1418610   4371370    433925     8899.39
3_tree_trench              .        4503330   6839740   2316920         .
4_rain_barrel              .              0   3606550   2517270         .
5_impervious_removal       .              0         0         0         .
6_permeable_pavement       .           .            0         0         .
7_green_roof               .           .            0         0         .
;

investment = 29329700

x [1_headwaters,*,*] (tr)
# $2 = 2_low_intensity
# $3 = 3_med_intensity
# $4 = 4_high_intensity
:                    1_open_space     $2        $3        $4    6_shrub_scrub :=
1_bioswale                    0     1304210         0      .           0
2_rain_garden           2008840     1418610   4371370    433925     8899.39
3_tree_trench              .        4503330   6839740   2316920         .
4_rain_barrel              .              0   3606550   2517270         .
5_impervious_removal       .              0         0         0         .
6_permeable_pavement       .           .            0         0         .
7_green_roof               .           .            0         0         .
;

investment = 29329700

x [1_headwaters,*,*] (tr)
# $2 = 2_low_intensity
# $3 = 3_med_intensity
# $4 = 4_high_intensity
:                    1_open_space     $2        $3        $4    6_shrub_scrub :=
1_bioswale                    0     1304210         0      .           0
2_rain_garden           2008840     1418610   4371370    433925     8899.39
3_tree_trench              .        4503330   6839740   2316920         .
4_rain_barrel              .              0   3606550   2517270         .
5_impervious_removal       .              0         0         0         .
6_permeable_pavement       .           .            0         0         .
7_green_roof               .           .            0         0         .
;

investment = 29329700

x [1_headwaters,*,*] (tr)
# $2 = 2_low_intensity
# $3 = 3_med_intensity
# $4 = 4_high_intensity
:                    1_open_space     $2        $3        $4    6_shrub_scrub :=
1_bioswale                    0     1304210         0      .           0
2_rain_garden           2008840     1418610   4371370    433925     8899.39
3_tree_trench              .        4503330   6839740   2316920         .
4_rain_barrel              .              0   3606550   2517270         .
5_impervious_removal       .              0         0         0         .
6_permeable_pavement       .           .            0         0         .
7_green_roof               .           .            0         0         .
;

investment = 29329700

x [1_headwaters,*,*] (tr)
# $2 = 2_low_intensity
# $3 = 3_med_intensity
# $4 = 4_high_intensity
:                    1_open_space     $2        $3        $4    6_shrub_scrub :=
1_bioswale                    0     1304210         0      .           0
2_rain_garden           2008840     1418610   4371370    433925     8899.39
3_tree_trench              .        4503330   6839740   2316920         .
4_rain_barrel              .              0   3606550   2517270         .
5_impervious_removal       .              0         0         0         .
6_permeable_pavement       .           .            0         0         .
7_green_roof               .           .            0         0         .
;

investment = 29329700

x [1_headwaters,*,*] (tr)
# $2 = 2_low_intensity
# $3 = 3_med_intensity
# $4 = 4_high_intensity
:                    1_open_space     $2        $3        $4    6_shrub_scrub :=
1_bioswale                    0     1304210         0      .           0
2_rain_garden           2008840     1418610   4371370    433925     8899.39
3_tree_trench              .        4503330   6839740   2316920         .
4_rain_barrel              .              0   3606550   2517270         .
5_impervious_removal       .              0         0         0         .
6_permeable_pavement       .           .            0         0         .
7_green_roof               .           .            0         0         .
;

investment = 29329700

x [1_headwaters,*,*] (tr)
# $2 = 2_low_intensity
# $3 = 3_med_intensity
# $4 = 4_high_intensity
:                    1_open_space     $2        $3        $4    6_shrub_scrub :=
1_bioswale                    0     1304210         0      .           0
2_rain_garden           2008840     1418610   4371370    433925     8899.39
3_tree_trench              .        4503330   6839740   2316920         .
4_rain_barrel              .              0   3606550   2517270         .
5_impervious_removal       .              0         0         0         .
6_permeable_pavement       .           .            0         0         .
7_green_roof               .           .            0         0         .
;

investment = 29329700

x [1_headwaters,*,*] (tr)
# $2 = 2_low_intensity
# $3 = 3_med_intensity
# $4 = 4_high_intensity
:                    1_open_space     $2        $3        $4    6_shrub_scrub :=
1_bioswale                    0     1304210         0      .           0
2_rain_garden           2008840     1418610   4371370    433925     8899.39
3_tree_trench              .        4503330   6839740   2316920         .
4_rain_barrel              .              0   3606550   2517270         .
5_impervious_removal       .              0         0         0         .
6_permeable_pavement       .           .            0         0         .
7_green_roof               .           .            0         0         .
;

investment = 29329700

x [1_headwaters,*,*] (tr)
# $2 = 2_low_intensity
# $3 = 3_med_intensity
# $4 = 4_high_intensity
:                    1_open_space     $2        $3        $4    6_shrub_scrub :=
1_bioswale                    0     1304210         0      .           0
2_rain_garden           2008840     1418610   4371370    433925     8899.39
3_tree_trench              .        4503330   6839740   2316920         .
4_rain_barrel              .              0   3606550   2517270         .
5_impervious_removal       .              0         0         0         .
6_permeable_pavement       .           .            0         0         .
7_green_roof               .           .            0         0         .
;

investment = 29329700

x [1_headwaters,*,*] (tr)
# $2 = 2_low_intensity
# $3 = 3_med_intensity
# $4 = 4_high_intensity
:                    1_open_space     $2        $3        $4    6_shrub_scrub :=
1_bioswale                    0     1304210         0      .           0
2_rain_garden           2008840     1418610   4371370    433925     8899.39
3_tree_trench              .        4503330   6839740   2316920         .
4_rain_barrel              .              0   3606550   2517270         .
5_impervious_removal       .              0         0         0         .
6_permeable_pavement       .           .            0         0         .
7_green_roof               .           .            0         0         .
;

investment = 29329700

x [1_headwaters,*,*] (tr)
# $2 = 2_low_intensity
# $3 = 3_med_intensity
# $4 = 4_high_intensity
:                    1_open_space     $2        $3        $4    6_shrub_scrub :=
1_bioswale                    0     1304210         0      .           0
2_rain_garden           2008840     1418610   4371370    433925     8899.39
3_tree_trench              .        4503330   6839740   2316920         .
4_rain_barrel              .              0   3606550   2517270         .
5_impervious_removal       .              0         0         0         .
6_permeable_pavement       .           .            0         0         .
7_green_roof               .           .            0         0         .
;

investment = 29329700

x [1_headwaters,*,*] (tr)
# $2 = 2_low_intensity
# $3 = 3_med_intensity
# $4 = 4_high_intensity
:                    1_open_space     $2        $3        $4    6_shrub_scrub :=
1_bioswale                    0     1304210         0      .           0
2_rain_garden           2008840     1418610   4371370    433925     8899.39
3_tree_trench              .        4503330   6839740   2316920         .
4_rain_barrel              .              0   3606550   2517270         .
5_impervious_removal       .              0         0         0         .
6_permeable_pavement       .           .            0         0         .
7_green_roof               .           .            0         0         .
;

investment = 29329700

x [1_headwaters,*,*] (tr)
# $2 = 2_low_intensity
# $3 = 3_med_intensity
# $4 = 4_high_intensity
:                    1_open_space     $2        $3        $4    6_shrub_scrub :=
1_bioswale                    0     1304210         0      .           0
2_rain_garden           2008840     1418610   4371370    433925     8899.39
3_tree_trench              .        4503330   6839740   2316920         .
4_rain_barrel              .              0   3606550   2517270         .
5_impervious_removal       .              0         0         0         .
6_permeable_pavement       .           .            0         0         .
7_green_roof               .           .            0         0         .
;

investment = 29329700

x [1_headwaters,*,*] (tr)
# $2 = 2_low_intensity
# $3 = 3_med_intensity
# $4 = 4_high_intensity
:                    1_open_space     $2        $3        $4    6_shrub_scrub :=
1_bioswale                    0     1304210         0      .           0
2_rain_garden           2008840     1418610   4371370    433925     8899.39
3_tree_trench              .        4503330   6839740   2316920         .
4_rain_barrel              .              0   3606550   2517270         .
5_impervious_removal       .              0         0         0         .
6_permeable_pavement       .           .            0         0         .
7_green_roof               .           .            0         0         .
;

investment = 29329700

x [1_headwaters,*,*] (tr)
# $2 = 2_low_intensity
# $3 = 3_med_intensity
# $4 = 4_high_intensity
:                    1_open_space     $2        $3        $4    6_shrub_scrub :=
1_bioswale                    0     1304210         0      .           0
2_rain_garden           2008840     1418610   4371370    433925     8899.39
3_tree_trench              .        4503330   6839740   2316920         .
4_rain_barrel              .              0   3606550   2517270         .
5_impervious_removal       .              0         0         0         .
6_permeable_pavement       .           .            0         0         .
7_green_roof               .           .            0         0         .
;

investment = 29329700

x [1_headwaters,*,*] (tr)
# $2 = 2_low_intensity
# $3 = 3_med_intensity
# $4 = 4_high_intensity
:                    1_open_space     $2        $3        $4    6_shrub_scrub :=
1_bioswale                    0     1304210         0      .           0
2_rain_garden           2008840     1418610   4371370    433925     8899.39
3_tree_trench              .        4503330   6839740   2316920         .
4_rain_barrel              .              0   3606550   2517270         .
5_impervious_removal       .              0         0         0         .
6_permeable_pavement       .           .            0         0         .
7_green_roof               .           .            0         0         .
;

investment = 29329700

x [1_headwaters,*,*] (tr)
# $2 = 2_low_intensity
# $3 = 3_med_intensity
# $4 = 4_high_intensity
:                    1_open_space     $2        $3        $4    6_shrub_scrub :=
1_bioswale                    0     1304210         0      .           0
2_rain_garden           2008840     1418610   4371370    433925     8899.39
3_tree_trench              .        4503330   6839740   2316920         .
4_rain_barrel              .              0   3606550   2517270         .
5_impervious_removal       .              0         0         0         .
6_permeable_pavement       .           .            0         0         .
7_green_roof               .           .            0         0         .
;

investment = 29329700

x [1_headwaters,*,*] (tr)
# $2 = 2_low_intensity
# $3 = 3_med_intensity
# $4 = 4_high_intensity
:                    1_open_space     $2        $3        $4    6_shrub_scrub :=
1_bioswale                    0     1304210         0      .           0
2_rain_garden           2008840     1418610   4371370    433925     8899.39
3_tree_trench              .        4503330   6839740   2316920         .
4_rain_barrel              .              0   3606550   2517270         .
5_impervious_removal       .              0         0         0         .
6_permeable_pavement       .           .            0         0         .
7_green_roof               .           .            0         0         .
;

investment = 29329700

x [1_headwaters,*,*] (tr)
# $2 = 2_low_intensity
# $3 = 3_med_intensity
# $4 = 4_high_intensity
:                    1_open_space     $2        $3        $4    6_shrub_scrub :=
1_bioswale                    0     1304210         0      .           0
2_rain_garden           2008840     1418610   4371370    433925     8899.39
3_tree_trench              .        4503330   6839740   2316920         .
4_rain_barrel              .              0   3606550   2517270         .
5_impervious_removal       .              0         0         0         .
6_permeable_pavement       .           .            0         0         .
7_green_roof               .           .            0         0         .
;

investment = 29329700

x [1_headwaters,*,*] (tr)
# $2 = 2_low_intensity
# $3 = 3_med_intensity
# $4 = 4_high_intensity
:                    1_open_space     $2        $3        $4    6_shrub_scrub :=
1_bioswale                    0     1304210         0      .           0
2_rain_garden           2008840     1418610   4371370    433925     8899.39
3_tree_trench              .        4503330   6839740   2316920         .
4_rain_barrel              .              0   3606550   2517270         .
5_impervious_removal       .              0         0         0         .
6_permeable_pavement       .           .            0         0         .
7_green_roof               .           .            0         0         .
;

investment = 29329700

x [1_headwaters,*,*] (tr)
# $2 = 2_low_intensity
# $3 = 3_med_intensity
# $4 = 4_high_intensity
:                    1_open_space     $2        $3        $4    6_shrub_scrub :=
1_bioswale                    0     1304210         0      .           0
2_rain_garden           2008840     1418610   4371370    433925     8899.39
3_tree_trench              .        4503330   6839740   2316920         .
4_rain_barrel              .              0   3606550   2517270         .
5_impervious_removal       .              0         0         0         .
6_permeable_pavement       .           .            0         0         .
7_green_roof               .           .            0         0         .
;

investment = 29329700

x [1_headwaters,*,*] (tr)
# $2 = 2_low_intensity
# $3 = 3_med_intensity
# $4 = 4_high_intensity
:                    1_open_space     $2        $3        $4    6_shrub_scrub :=
1_bioswale                    0     1304210         0      .           0
2_rain_garden           2008840     1418610   4371370    433925     8899.39
3_tree_trench              .        4503330   6839740   2316920         .
4_rain_barrel              .              0   3606550   2517270         .
5_impervious_removal       .              0         0         0         .
6_permeable_pavement       .           .            0         0         .
7_green_roof               .           .            0         0         .
;

investment = 29329700

x [1_headwaters,*,*] (tr)
# $2 = 2_low_intensity
# $3 = 3_med_intensity
# $4 = 4_high_intensity
:                    1_open_space     $2        $3        $4    6_shrub_scrub :=
1_bioswale                    0     1304210         0      .           0
2_rain_garden           2008840     1418610   4371370    433925     8899.39
3_tree_trench              .        4503330   6839740   2316920         .
4_rain_barrel              .              0   3606550   2517270         .
5_impervious_removal       .              0         0         0         .
6_permeable_pavement       .           .            0         0         .
7_green_roof               .           .            0         0         .
;

investment = 29329700

x [1_headwaters,*,*] (tr)
# $2 = 2_low_intensity
# $3 = 3_med_intensity
# $4 = 4_high_intensity
:                    1_open_space     $2        $3        $4    6_shrub_scrub :=
1_bioswale                    0     1304210         0      .           0
2_rain_garden           2008840     1418610   4371370    433925     8899.39
3_tree_trench              .        4503330   6839740   2316920         .
4_rain_barrel              .              0   3606550   2517270         .
5_impervious_removal       .              0         0         0         .
6_permeable_pavement       .           .            0         0         .
7_green_roof               .           .            0         0         .
;

investment = 29329700

x [1_headwaters,*,*] (tr)
# $2 = 2_low_intensity
# $3 = 3_med_intensity
# $4 = 4_high_intensity
:                    1_open_space     $2        $3        $4    6_shrub_scrub :=
1_bioswale                    0     1304210         0      .           0
2_rain_garden           2008840     1418610   4371370    433925     8899.39
3_tree_trench              .        4503330   6839740   2316920         .
4_rain_barrel              .              0   3606550   2517270         .
5_impervious_removal       .              0         0         0         .
6_permeable_pavement       .           .            0         0         .
7_green_roof               .           .            0         0         .
;

investment = 29329700

x [1_headwaters,*,*] (tr)
# $2 = 2_low_intensity
# $3 = 3_med_intensity
# $4 = 4_high_intensity
:                    1_open_space     $2        $3        $4    6_shrub_scrub :=
1_bioswale                    0     1304210         0      .           0
2_rain_garden           2008840     1418610   4371370    433925     8899.39
3_tree_trench              .        4503330   6839740   2316920         .
4_rain_barrel              .              0   3606550   2517270         .
5_impervious_removal       .              0         0         0         .
6_permeable_pavement       .           .            0         0         .
7_green_roof               .           .            0         0         .
;

investment = 29329700

x [1_headwaters,*,*] (tr)
# $2 = 2_low_intensity
# $3 = 3_med_intensity
# $4 = 4_high_intensity
:                    1_open_space     $2        $3        $4    6_shrub_scrub :=
1_bioswale                    0     1304210         0      .           0
2_rain_garden           2008840     1418610   4371370    433925     8899.39
3_tree_trench              .        4503330   6839740   2316920         .
4_rain_barrel              .              0   3606550   2517270         .
5_impervious_removal       .              0         0         0         .
6_permeable_pavement       .           .            0         0         .
7_green_roof               .           .            0         0         .
;

investment = 29329700

x [1_headwaters,*,*] (tr)
# $2 = 2_low_intensity
# $3 = 3_med_intensity
# $4 = 4_high_intensity
:                    1_open_space     $2        $3        $4    6_shrub_scrub :=
1_bioswale                    0     1304210         0      .           0
2_rain_garden           2008840     1418610   4371370    433925     8899.39
3_tree_trench              .        4503330   6839740   2316920         .
4_rain_barrel              .              0   3606550   2517270         .
5_impervious_removal       .              0         0         0         .
6_permeable_pavement       .           .            0         0         .
7_green_roof               .           .            0         0         .
;

investment = 29329700

x [1_headwaters,*,*] (tr)
# $2 = 2_low_intensity
# $3 = 3_med_intensity
# $4 = 4_high_intensity
:                    1_open_space     $2        $3        $4    6_shrub_scrub :=
1_bioswale                    0     1304210         0      .           0
2_rain_garden           2008840     1418610   4371370    433925     8899.39
3_tree_trench              .        4503330   6839740   2316920         .
4_rain_barrel              .              0   3606550   2517270         .
5_impervious_removal       .              0         0         0         .
6_permeable_pavement       .           .            0         0         .
7_green_roof               .           .            0         0         .
;

investment = 29329700

x [1_headwaters,*,*] (tr)
# $2 = 2_low_intensity
# $3 = 3_med_intensity
# $4 = 4_high_intensity
:                    1_open_space     $2        $3        $4    6_shrub_scrub :=
1_bioswale                    0     1304210         0      .           0
2_rain_garden           2008840     1418610   4371370    433925     8899.39
3_tree_trench              .        4503330   6839740   2316920         .
4_rain_barrel              .              0   3606550   2517270         .
5_impervious_removal       .              0         0         0         .
6_permeable_pavement       .           .            0         0         .
7_green_roof               .           .            0         0         .
;

investment = 29329700

x [1_headwaters,*,*] (tr)
# $2 = 2_low_intensity
# $3 = 3_med_intensity
# $4 = 4_high_intensity
:                    1_open_space     $2        $3        $4    6_shrub_scrub :=
1_bioswale                    0     1304210         0      .           0
2_rain_garden           2008840     1418610   4371370    433925     8899.39
3_tree_trench              .        4503330   6839740   2316920         .
4_rain_barrel              .              0   3606550   2517270         .
5_impervious_removal       .              0         0         0         .
6_permeable_pavement       .           .            0         0         .
7_green_roof               .           .            0         0         .
;

investment = 29329700

x [1_headwaters,*,*] (tr)
# $2 = 2_low_intensity
# $3 = 3_med_intensity
# $4 = 4_high_intensity
:                    1_open_space     $2        $3        $4    6_shrub_scrub :=
1_bioswale                    0     1304210         0      .           0
2_rain_garden           2008840     1418610   4371370    433925     8899.39
3_tree_trench              .        4503330   6839740   2316920         .
4_rain_barrel              .              0   3606550   2517270         .
5_impervious_removal       .              0         0         0         .
6_permeable_pavement       .           .            0         0         .
7_green_roof               .           .            0         0         .
;

investment = 29329700

x [1_headwaters,*,*] (tr)
# $2 = 2_low_intensity
# $3 = 3_med_intensity
# $4 = 4_high_intensity
:                    1_open_space     $2        $3        $4    6_shrub_scrub :=
1_bioswale                    0     1304210         0      .           0
2_rain_garden           2008840     1418610   4371370    433925     8899.39
3_tree_trench              .        4503330   6839740   2316920         .
4_rain_barrel              .              0   3606550   2517270         .
5_impervious_removal       .              0         0         0         .
6_permeable_pavement       .           .            0         0         .
7_green_roof               .           .            0         0         .
;

investment = 29329700

x [1_headwaters,*,*] (tr)
# $2 = 2_low_intensity
# $3 = 3_med_intensity
# $4 = 4_high_intensity
:                    1_open_space     $2        $3        $4    6_shrub_scrub :=
1_bioswale                    0     1304210         0      .           0
2_rain_garden           2008840     1418610   4371370    433925     8899.39
3_tree_trench              .        4503330   6839740   2316920         .
4_rain_barrel              .              0   3606550   2517270         .
5_impervious_removal       .              0         0         0         .
6_permeable_pavement       .           .            0         0         .
7_green_roof               .           .            0         0         .
;

investment = 29329700

x [1_headwaters,*,*] (tr)
# $2 = 2_low_intensity
# $3 = 3_med_intensity
# $4 = 4_high_intensity
:                    1_open_space     $2        $3        $4    6_shrub_scrub :=
1_bioswale                    0     1304210         0      .           0
2_rain_garden           2008840     1418610   4371370    433925     8899.39
3_tree_trench              .        4503330   6839740   2316920         .
4_rain_barrel              .              0   3606550   2517270         .
5_impervious_removal       .              0         0         0         .
6_permeable_pavement       .           .            0         0         .
7_green_roof               .           .            0         0         .
;

investment = 29329700

x [1_headwaters,*,*] (tr)
# $2 = 2_low_intensity
# $3 = 3_med_intensity
# $4 = 4_high_intensity
:                    1_open_space     $2        $3        $4    6_shrub_scrub :=
1_bioswale                    0     1304210         0      .           0
2_rain_garden           2008840     1418610   4371370    433925     8899.39
3_tree_trench              .        4503330   6839740   2316920         .
4_rain_barrel              .              0   3606550   2517270         .
5_impervious_removal       .              0         0         0         .
6_permeable_pavement       .           .            0         0         .
7_green_roof               .           .            0         0         .
;

investment = 29329700

x [1_headwaters,*,*] (tr)
# $2 = 2_low_intensity
# $3 = 3_med_intensity
# $4 = 4_high_intensity
:                    1_open_space     $2        $3        $4    6_shrub_scrub :=
1_bioswale                    0     1304210         0      .           0
2_rain_garden           2008840     1418610   4371370    433925     8899.39
3_tree_trench              .        4503330   6839740   2316920         .
4_rain_barrel              .              0   3606550   2517270         .
5_impervious_removal       .              0         0         0         .
6_permeable_pavement       .           .            0         0         .
7_green_roof               .           .            0         0         .
;

investment = 29329700

x [1_headwaters,*,*] (tr)
# $2 = 2_low_intensity
# $3 = 3_med_intensity
# $4 = 4_high_intensity
:                    1_open_space     $2        $3        $4    6_shrub_scrub :=
1_bioswale                    0     1304210         0      .           0
2_rain_garden           2008840     1418610   4371370    433925     8899.39
3_tree_trench              .        4503330   6839740   2316920         .
4_rain_barrel              .              0   3606550   2517270         .
5_impervious_removal       .              0         0         0         .
6_permeable_pavement       .           .            0         0         .
7_green_roof               .           .            0         0         .
;

investment = 29329700

x [1_headwaters,*,*] (tr)
# $2 = 2_low_intensity
# $3 = 3_med_intensity
# $4 = 4_high_intensity
:                    1_open_space     $2        $3        $4    6_shrub_scrub :=
1_bioswale                    0     1304210         0      .           0
2_rain_garden           2008840     1418610   4371370    433925     8899.39
3_tree_trench              .        4503330   6839740   2316920         .
4_rain_barrel              .              0   3606550   2517270         .
5_impervious_removal       .              0         0         0         .
6_permeable_pavement       .           .            0         0         .
7_green_roof               .           .            0         0         .
;

investment = 29329700

x [1_headwaters,*,*] (tr)
# $2 = 2_low_intensity
# $3 = 3_med_intensity
# $4 = 4_high_intensity
:                    1_open_space     $2        $3        $4    6_shrub_scrub :=
1_bioswale                    0     1304210         0      .           0
2_rain_garden           2008840     1418610   4371370    433925     8899.39
3_tree_trench              .        4503330   6839740   2316920         .
4_rain_barrel              .              0   3606550   2517270         .
5_impervious_removal       .              0         0         0         .
6_permeable_pavement       .           .            0         0         .
7_green_roof               .           .            0         0         .
;

investment = 29329700

x [1_headwaters,*,*] (tr)
# $2 = 2_low_intensity
# $3 = 3_med_intensity
# $4 = 4_high_intensity
:                    1_open_space     $2        $3        $4    6_shrub_scrub :=
1_bioswale                    0     1304210         0      .           0
2_rain_garden           2008840     1418610   4371370    433925     8899.39
3_tree_trench              .        4503330   6839740   2316920         .
4_rain_barrel              .              0   3606550   2517270         .
5_impervious_removal       .              0         0         0         .
6_permeable_pavement       .           .            0         0         .
7_green_roof               .           .            0         0         .
;

investment = 29329700

x [1_headwaters,*,*] (tr)
# $2 = 2_low_intensity
# $3 = 3_med_intensity
# $4 = 4_high_intensity
:                    1_open_space     $2        $3        $4    6_shrub_scrub :=
1_bioswale                    0     1304210         0      .           0
2_rain_garden           2008840     1418610   4371370    433925     8899.39
3_tree_trench              .        4503330   6839740   2316920         .
4_rain_barrel              .              0   3606550   2517270         .
5_impervious_removal       .              0         0         0         .
6_permeable_pavement       .           .            0         0         .
7_green_roof               .           .            0         0         .
;

investment = 29329700

x [1_headwaters,*,*] (tr)
# $2 = 2_low_intensity
# $3 = 3_med_intensity
# $4 = 4_high_intensity
:                    1_open_space     $2        $3        $4    6_shrub_scrub :=
1_bioswale                    0     1304210         0      .           0
2_rain_garden           2008840     1418610   4371370    433925     8899.39
3_tree_trench              .        4503330   6839740   2316920         .
4_rain_barrel              .              0   3606550   2517270         .
5_impervious_removal       .              0         0         0         .
6_permeable_pavement       .           .            0         0         .
7_green_roof               .           .            0         0         .
;

investment = 29329700

x [1_headwaters,*,*] (tr)
# $2 = 2_low_intensity
# $3 = 3_med_intensity
# $4 = 4_high_intensity
:                    1_open_space     $2        $3        $4    6_shrub_scrub :=
1_bioswale                    0     1304210         0      .           0
2_rain_garden           2008840     1418610   4371370    433925     8899.39
3_tree_trench              .        4503330   6839740   2316920         .
4_rain_barrel              .              0   3606550   2517270         .
5_impervious_removal       .              0         0         0         .
6_permeable_pavement       .           .            0         0         .
7_green_roof               .           .            0         0         .
;

investment = 29329700

x [1_headwaters,*,*] (tr)
# $2 = 2_low_intensity
# $3 = 3_med_intensity
# $4 = 4_high_intensity
:                    1_open_space     $2        $3        $4    6_shrub_scrub :=
1_bioswale                    0     1304210         0      .           0
2_rain_garden           2008840     1418610   4371370    433925     8899.39
3_tree_trench              .        4503330   6839740   2316920         .
4_rain_barrel              .              0   3606550   2517270         .
5_impervious_removal       .              0         0         0         .
6_permeable_pavement       .           .            0         0         .
7_green_roof               .           .            0         0         .
;

investment = 29329700

x [1_headwaters,*,*] (tr)
# $2 = 2_low_intensity
# $3 = 3_med_intensity
# $4 = 4_high_intensity
:                    1_open_space     $2        $3        $4    6_shrub_scrub :=
1_bioswale                    0     1304210         0      .           0
2_rain_garden           2008840     1418610   4371370    433925     8899.39
3_tree_trench              .        4503330   6839740   2316920         .
4_rain_barrel              .              0   3606550   2517270         .
5_impervious_removal       .              0         0         0         .
6_permeable_pavement       .           .            0         0         .
7_green_roof               .           .            0         0         .
;

investment = 29329700

x [1_headwaters,*,*] (tr)
# $2 = 2_low_intensity
# $3 = 3_med_intensity
# $4 = 4_high_intensity
:                    1_open_space     $2        $3        $4    6_shrub_scrub :=
1_bioswale                    0     1304210         0      .           0
2_rain_garden           2008840     1418610   4371370    433925     8899.39
3_tree_trench              .        4503330   6839740   2316920         .
4_rain_barrel              .              0   3606550   2517270         .
5_impervious_removal       .              0         0         0         .
6_permeable_pavement       .           .            0         0         .
7_green_roof               .           .            0         0         .
;

investment = 29329700

x [1_headwaters,*,*] (tr)
# $2 = 2_low_intensity
# $3 = 3_med_intensity
# $4 = 4_high_intensity
:                    1_open_space     $2        $3        $4    6_shrub_scrub :=
1_bioswale                    0     1304210         0      .           0
2_rain_garden           2008840     1418610   4371370    433925     8899.39
3_tree_trench              .        4503330   6839740   2316920         .
4_rain_barrel              .              0   3606550   2517270         .
5_impervious_removal       .              0         0         0         .
6_permeable_pavement       .           .            0         0         .
7_green_roof               .           .            0         0         .
;

investment = 29329700

x [1_headwaters,*,*] (tr)
# $2 = 2_low_intensity
# $3 = 3_med_intensity
# $4 = 4_high_intensity
:                    1_open_space     $2        $3        $4    6_shrub_scrub :=
1_bioswale                    0     1304210         0      .           0
2_rain_garden           2008840     1418610   4371370    433925     8899.39
3_tree_trench              .        4503330   6839740   2316920         .
4_rain_barrel              .              0   3606550   2517270         .
5_impervious_removal       .              0         0         0         .
6_permeable_pavement       .           .            0         0         .
7_green_roof               .           .            0         0         .
;

investment = 29329700

x [1_headwaters,*,*] (tr)
# $2 = 2_low_intensity
# $3 = 3_med_intensity
# $4 = 4_high_intensity
:                    1_open_space     $2        $3        $4    6_shrub_scrub :=
1_bioswale                    0     1304210         0      .           0
2_rain_garden           2008840     1418610   4371370    433925     8899.39
3_tree_trench              .        4503330   6839740   2316920         .
4_rain_barrel              .              0   3606550   2517270         .
5_impervious_removal       .              0         0         0         .
6_permeable_pavement       .           .            0         0         .
7_green_roof               .           .            0         0         .
;

investment = 29329700

x [1_headwaters,*,*] (tr)
# $2 = 2_low_intensity
# $3 = 3_med_intensity
# $4 = 4_high_intensity
:                    1_open_space     $2        $3        $4    6_shrub_scrub :=
1_bioswale                    0     1304210         0      .           0
2_rain_garden           2008840     1418610   4371370    433925     8899.39
3_tree_trench              .        4503330   6839740   2316920         .
4_rain_barrel              .              0   3606550   2517270         .
5_impervious_removal       .              0         0         0         .
6_permeable_pavement       .           .            0         0         .
7_green_roof               .           .            0         0         .
;

investment = 29329700

x [1_headwaters,*,*] (tr)
# $2 = 2_low_intensity
# $3 = 3_med_intensity
# $4 = 4_high_intensity
:                    1_open_space     $2        $3        $4    6_shrub_scrub :=
1_bioswale                    0     1304210         0      .           0
2_rain_garden           2008840     1418610   4371370    433925     8899.39
3_tree_trench              .        4503330   6839740   2316920         .
4_rain_barrel              .              0   3606550   2517270         .
5_impervious_removal       .              0         0         0         .
6_permeable_pavement       .           .            0         0         .
7_green_roof               .           .            0         0         .
;

investment = 29329700

x [1_headwaters,*,*] (tr)
# $2 = 2_low_intensity
# $3 = 3_med_intensity
# $4 = 4_high_intensity
:                    1_open_space     $2        $3        $4    6_shrub_scrub :=
1_bioswale                    0     1304210         0      .           0
2_rain_garden           2008840     1418610   4371370    433925     8899.39
3_tree_trench              .        4503330   6839740   2316920         .
4_rain_barrel              .              0   3606550   2517270         .
5_impervious_removal       .              0         0         0         .
6_permeable_pavement       .           .            0         0         .
7_green_roof               .           .            0         0         .
;

investment = 29329700

x [1_headwaters,*,*] (tr)
# $2 = 2_low_intensity
# $3 = 3_med_intensity
# $4 = 4_high_intensity
:                    1_open_space     $2        $3        $4    6_shrub_scrub :=
1_bioswale                    0     1304210         0      .           0
2_rain_garden           2008840     1418610   4371370    433925     8899.39
3_tree_trench              .        4503330   6839740   2316920         .
4_rain_barrel              .              0   3606550   2517270         .
5_impervious_removal       .              0         0         0         .
6_permeable_pavement       .           .            0         0         .
7_green_roof               .           .            0         0         .
;

investment = 29329700

x [1_headwaters,*,*] (tr)
# $2 = 2_low_intensity
# $3 = 3_med_intensity
# $4 = 4_high_intensity
:                    1_open_space     $2        $3        $4    6_shrub_scrub :=
1_bioswale                    0     1304210         0      .           0
2_rain_garden           2008840     1418610   4371370    433925     8899.39
3_tree_trench              .        4503330   6839740   2316920         .
4_rain_barrel              .              0   3606550   2517270         .
5_impervious_removal       .              0         0         0         .
6_permeable_pavement       .           .            0         0         .
7_green_roof               .           .            0         0         .
;

investment = 29329700

x [1_headwaters,*,*] (tr)
# $2 = 2_low_intensity
# $3 = 3_med_intensity
# $4 = 4_high_intensity
:                    1_open_space     $2        $3        $4    6_shrub_scrub :=
1_bioswale                    0     1304210         0      .           0
2_rain_garden           2008840     1418610   4371370    433925     8899.39
3_tree_trench              .        4503330   6839740   2316920         .
4_rain_barrel              .              0   3606550   2517270         .
5_impervious_removal       .              0         0         0         .
6_permeable_pavement       .           .            0         0         .
7_green_roof               .           .            0         0         .
;

investment = 29329700

x [1_headwaters,*,*] (tr)
# $2 = 2_low_intensity
# $3 = 3_med_intensity
# $4 = 4_high_intensity
:                    1_open_space     $2        $3        $4    6_shrub_scrub :=
1_bioswale                    0     1304210         0      .           0
2_rain_garden           2008840     1418610   4371370    433925     8899.39
3_tree_trench              .        4503330   6839740   2316920         .
4_rain_barrel              .              0   3606550   2517270         .
5_impervious_removal       .              0         0         0         .
6_permeable_pavement       .           .            0         0         .
7_green_roof               .           .            0         0         .
;

investment = 29329700

x [1_headwaters,*,*] (tr)
# $2 = 2_low_intensity
# $3 = 3_med_intensity
# $4 = 4_high_intensity
:                    1_open_space     $2        $3        $4    6_shrub_scrub :=
1_bioswale                    0     1304210         0      .           0
2_rain_garden           2008840     1418610   4371370    433925     8899.39
3_tree_trench              .        4503330   6839740   2316920         .
4_rain_barrel              .              0   3606550   2517270         .
5_impervious_removal       .              0         0         0         .
6_permeable_pavement       .           .            0         0         .
7_green_roof               .           .            0         0         .
;

investment = 29329700

x [1_headwaters,*,*] (tr)
# $2 = 2_low_intensity
# $3 = 3_med_intensity
# $4 = 4_high_intensity
:                    1_open_space     $2        $3        $4    6_shrub_scrub :=
1_bioswale                    0     1304210         0      .           0
2_rain_garden           2008840     1418610   4371370    433925     8899.39
3_tree_trench              .        4503330   6839740   2316920         .
4_rain_barrel              .              0   3606550   2517270         .
5_impervious_removal       .              0         0         0         .
6_permeable_pavement       .           .            0         0         .
7_green_roof               .           .            0         0         .
;

investment = 28717100

x [1_headwaters,*,*] (tr)
# $2 = 2_low_intensity
# $3 = 3_med_intensity
# $4 = 4_high_intensity
:                    1_open_space     $2        $3        $4    6_shrub_scrub :=
1_bioswale                    0           0         0      .           0
2_rain_garden           2008840     1418610   4371370    433925     8899.39
3_tree_trench              .        4503330   6839740   2316920         .
4_rain_barrel              .              0   4298230   2517270         .
5_impervious_removal       .              0         0         0         .
6_permeable_pavement       .           .            0         0         .
7_green_roof               .           .            0         0         .
;

investment = 29329700

x [1_headwaters,*,*] (tr)
# $2 = 2_low_intensity
# $3 = 3_med_intensity
# $4 = 4_high_intensity
:                    1_open_space     $2        $3        $4    6_shrub_scrub :=
1_bioswale                    0     1304210         0      .           0
2_rain_garden           2008840     1418610   4371370    433925     8899.39
3_tree_trench              .        4503330   6839740   2316920         .
4_rain_barrel              .              0   3606550   2517270         .
5_impervious_removal       .              0         0         0         .
6_permeable_pavement       .           .            0         0         .
7_green_roof               .           .            0         0         .
;

investment = 33433100

x [1_headwaters,*,*] (tr)
# $2 = 2_low_intensity
# $3 = 3_med_intensity
# $4 = 4_high_intensity
:                    1_open_space     $2        $3        $4    6_shrub_scrub :=
1_bioswale               773703     1549700   4429660      .       15614.6
2_rain_garden           2008840     1418610   4371370    433925     8899.39
3_tree_trench              .        4503330   2130810   2316920         .
4_rain_barrel              .              0   6954450   2517270         .
5_impervious_removal       .              0         0         0         .
6_permeable_pavement       .           .            0         0         .
7_green_roof               .           .            0         0         .
;

investment = 52940400

x [1_headwaters,*,*] (tr)
# $2 = 2_low_intensity
# $3 = 3_med_intensity
# $4 = 4_high_intensity
:                    1_open_space     $2        $3        $4    6_shrub_scrub :=
1_bioswale               773703     1549700   4429660      .       15614.6
2_rain_garden           2008840     1418610   4371370    433925     8899.39
3_tree_trench              .        4503330   6839740   2316920         .
4_rain_barrel              .        8025520   6954450   2517270         .
5_impervious_removal       .              0   5094680   1678180         .
6_permeable_pavement       .           .            0         0         .
7_green_roof               .           .            0         0         .
;

investment = 0

x [1_headwaters,*,*] (tr)
# $3 = 3_med_intensity
# $4 = 4_high_intensity
:                    1_open_space 2_low_intensity  $3  $4 6_shrub_scrub    :=
1_bioswale                 0              0         0   .        0
2_rain_garden              0              0         0   0        0
3_tree_trench              .              0         0   0        .
4_rain_barrel              .              0         0   0        .
5_impervious_removal       .              0         0   0        .
6_permeable_pavement       .              .         0   0        .
7_green_roof               .              .         0   0        .
;

investment = 53150000

x [1_headwaters,*,*] (tr)
# $2 = 2_low_intensity
# $3 = 3_med_intensity
# $4 = 4_high_intensity
:                    1_open_space     $2        $3        $4    6_shrub_scrub :=
1_bioswale               773703     1549700   4429660      .       15614.6
2_rain_garden           2008840     1418610   4371370    433925     8899.39
3_tree_trench              .        4503330   6839740   2316920         .
4_rain_barrel              .        8025520   6954450   2517270         .
5_impervious_removal       .              0   5304230   1678180         .
6_permeable_pavement       .           .            0         0         .
7_green_roof               .           .            0         0         .
;

investment = 76271600

x [1_headwaters,*,*] (tr)
# $2 = 2_low_intensity
# $3 = 3_med_intensity
# $4 = 4_high_intensity
:                    1_open_space     $2        $3         $4    6_shrub_scrub :=
1_bioswale               773703     1549700   4429660      .        15614.6
2_rain_garden           2008840     1418610   4371370     433925     8899.39
3_tree_trench              .        4503330   6839740    2316920         .
4_rain_barrel              .        8025520   6954450    2517270         .
5_impervious_removal       .        2863080   6181740    1678180         .
6_permeable_pavement       .           .       393677   18987400         .
7_green_roof               .           .            0          0         .
;

investment = 76271600

x [1_headwaters,*,*] (tr)
# $2 = 2_low_intensity
# $3 = 3_med_intensity
# $4 = 4_high_intensity
:                    1_open_space     $2        $3         $4    6_shrub_scrub :=
1_bioswale               773703     1549700   4429660      .        15614.6
2_rain_garden           2008840     1418610   4371370     433925     8899.39
3_tree_trench              .        4503330   6839740    2316920         .
4_rain_barrel              .        8025520   6954450    2517270         .
5_impervious_removal       .        2863080   6181740    1678180         .
6_permeable_pavement       .           .       393677   18987400         .
7_green_roof               .           .            0          0         .
;

investment = 76271600

x [1_headwaters,*,*] (tr)
# $2 = 2_low_intensity
# $3 = 3_med_intensity
# $4 = 4_high_intensity
:                    1_open_space     $2        $3         $4    6_shrub_scrub :=
1_bioswale               773703     1549700   4429660      .        15614.6
2_rain_garden           2008840     1418610   4371370     433925     8899.39
3_tree_trench              .        4503330   6839740    2316920         .
4_rain_barrel              .        8025520   6954450    2517270         .
5_impervious_removal       .        2863080   6181740    1678180         .
6_permeable_pavement       .           .       393677   18987400         .
7_green_roof               .           .            0          0         .
;

